Build started 2/28/2018 11:03:25 PM.
     1>Project "D:\nastava\aadsp2\2017-2018\Vezbe\Vezba3\postavka\multitapEcho\multitapEcho_model2\multitapEcho_model2.vcxproj" on node 4 (Build target(s)).
     1>ClCompile:
         C:\Program Files (x86)\Microsoft Visual Studio 10.0\VC\bin\CL.exe /c /ZI /nologo /W3 /WX- /Od /Oy- /D WIN32 /D _DEBUG /D _CONSOLE /D _UNICODE /D UNICODE /D _UNICODE /D UNICODE /Gm /EHsc /RTC1 /MDd /GS /fp:precise /Zc:wchar_t /Zc:forScope /Fo"Debug\\" /Fd"Debug\vc100.pdb" /Gd /TP /analyze- /errorReport:prompt fixed_point_math.cpp main.cpp stdfix_emu.cpp WAVheader.cpp
         WAVheader.cpp
     1>d:\nastava\aadsp2\2017-2018\vezbe\vezba3\postavka\multitapecho\multitapecho_model2\wavheader.cpp(84): warning C4996: 'fopen': This function or variable may be unsafe. Consider using fopen_s instead. To disable deprecation, use _CRT_SECURE_NO_WARNINGS. See online help for details.
                 c:\program files (x86)\microsoft visual studio 10.0\vc\include\stdio.h(234) : see declaration of 'fopen'
         stdfix_emu.cpp
     1>d:\nastava\aadsp2\2017-2018\vezbe\vezba3\postavka\multitapecho\multitapecho_model2\stdfix_emu.cpp(56): warning C4309: 'argument' : truncation of constant value
     1>d:\nastava\aadsp2\2017-2018\vezbe\vezba3\postavka\multitapecho\multitapecho_model2\stdfix_emu.cpp(310): warning C4309: 'argument' : truncation of constant value
     1>d:\nastava\aadsp2\2017-2018\vezbe\vezba3\postavka\multitapecho\multitapecho_model2\stdfix_emu.cpp(518): warning C4244: '=' : conversion from 'unsigned long' to 'char', possible loss of data
         main.cpp
         fixed_point_math.cpp
     1>d:\nastava\aadsp2\2017-2018\vezbe\vezba3\postavka\multitapecho\multitapecho_model2\fixed_point_math.cpp(455): warning C4309: '=' : truncation of constant value
     1>d:\nastava\aadsp2\2017-2018\vezbe\vezba3\postavka\multitapecho\multitapecho_model2\fixed_point_math.cpp(517): warning C4244: '=' : conversion from 'unsigned long' to 'coyote_math::accumulator::guard_t', possible loss of data
     1>d:\nastava\aadsp2\2017-2018\vezbe\vezba3\postavka\multitapecho\multitapecho_model2\fixed_point_math.cpp(527): warning C4309: '=' : truncation of constant value
     1>d:\nastava\aadsp2\2017-2018\vezbe\vezba3\postavka\multitapecho\multitapecho_model2\fixed_point_math.cpp(557): warning C4309: '=' : truncation of constant value
         Generating Code...
       ManifestResourceCompile:
         C:\Program Files (x86)\Microsoft SDKs\Windows\v7.0A\bin\rc.exe /nologo /fo"Debug\multitapEcho_model2.exe.embed.manifest.res" Debug\multitapEcho_model2_manifest.rc 
       Link:
         C:\Program Files (x86)\Microsoft Visual Studio 10.0\VC\bin\link.exe /ERRORREPORT:PROMPT /OUT:"D:\nastava\aadsp2\2017-2018\Vezbe\Vezba3\postavka\multitapEcho\Debug\multitapEcho_model2.exe" /INCREMENTAL /NOLOGO kernel32.lib user32.lib gdi32.lib winspool.lib comdlg32.lib advapi32.lib shell32.lib ole32.lib oleaut32.lib uuid.lib odbc32.lib odbccp32.lib /MANIFEST /ManifestFile:"Debug\multitapEcho_model2.exe.intermediate.manifest" /MANIFESTUAC:"level='asInvoker' uiAccess='false'" /DEBUG /PDB:"D:\nastava\aadsp2\2017-2018\Vezbe\Vezba3\postavka\multitapEcho\Debug\multitapEcho_model2.pdb" /SUBSYSTEM:CONSOLE /TLBID:1 /DYNAMICBASE /NXCOMPAT /IMPLIB:"D:\nastava\aadsp2\2017-2018\Vezbe\Vezba3\postavka\multitapEcho\Debug\multitapEcho_model2.lib" /MACHINE:X86 Debug\multitapEcho_model2.exe.embed.manifest.res
         Debug\fixed_point_math.obj
         Debug\main.obj
         Debug\stdfix_emu.obj
         Debug\WAVheader.obj
       Manifest:
         C:\Program Files (x86)\Microsoft SDKs\Windows\v7.0A\bin\mt.exe /nologo /verbose /out:"Debug\multitapEcho_model2.exe.embed.manifest" /manifest Debug\multitapEcho_model2.exe.intermediate.manifest
         C:\Program Files (x86)\Microsoft SDKs\Windows\v7.0A\bin\rc.exe /nologo /fo"Debug\multitapEcho_model2.exe.embed.manifest.res" Debug\multitapEcho_model2_manifest.rc 
       LinkEmbedManifest:
         C:\Program Files (x86)\Microsoft Visual Studio 10.0\VC\bin\link.exe /ERRORREPORT:PROMPT /OUT:"D:\nastava\aadsp2\2017-2018\Vezbe\Vezba3\postavka\multitapEcho\Debug\multitapEcho_model2.exe" /INCREMENTAL /NOLOGO kernel32.lib user32.lib gdi32.lib winspool.lib comdlg32.lib advapi32.lib shell32.lib ole32.lib oleaut32.lib uuid.lib odbc32.lib odbccp32.lib /MANIFEST /ManifestFile:"Debug\multitapEcho_model2.exe.intermediate.manifest" /MANIFESTUAC:"level='asInvoker' uiAccess='false'" /DEBUG /PDB:"D:\nastava\aadsp2\2017-2018\Vezbe\Vezba3\postavka\multitapEcho\Debug\multitapEcho_model2.pdb" /SUBSYSTEM:CONSOLE /TLBID:1 /DYNAMICBASE /NXCOMPAT /IMPLIB:"D:\nastava\aadsp2\2017-2018\Vezbe\Vezba3\postavka\multitapEcho\Debug\multitapEcho_model2.lib" /MACHINE:X86 Debug\multitapEcho_model2.exe.embed.manifest.res
         Debug\fixed_point_math.obj
         Debug\main.obj
         Debug\stdfix_emu.obj
         Debug\WAVheader.obj
         multitapEcho_model2.vcxproj -> D:\nastava\aadsp2\2017-2018\Vezbe\Vezba3\postavka\multitapEcho\Debug\multitapEcho_model2.exe
     1>Done Building Project "D:\nastava\aadsp2\2017-2018\Vezbe\Vezba3\postavka\multitapEcho\multitapEcho_model2\multitapEcho_model2.vcxproj" (Build target(s)).

Build succeeded.

Time Elapsed 00:00:02.37
